line number 0: jmp 15 
line number 1: mov 0 #0 
line number 2: pop 10000 
line number 3: mov 4 #47 
line number 4: push 4 
line number 5: jmp 10000 
line number 6: push #0 
line number 7: jmp 10000 
line number 8: pop 4 
line number 9: pop 10000 
line number 10: add 4 #47 4 
line number 11: push 4 
line number 12: jmp 10000 
line number 13: push #0 
line number 14: jmp 10000 
line number 15: pop 10000 
line number 16: mov 4 #2 
line number 17: mov 32 #1 
line number 18: mov 36 #2 
line number 19: mov 40 #3 
line number 20: mov 8 #3 
line number 21: mov 32 #122 
line number 22: add 10004 #1 #2 
line number 23: sub 10008 10004 #5 
line number 24: mov 10012 #1 
line number 25: jl 10008 27 
line number 26: mov 10012 #0 
line number 27: jnz 10012 30 
line number 28: add 4 #1 
line number 29: jmp 53 
line number 30: mult 10013 #2 4 
line number 31: sub 10017 8 #10 
line number 32: sub 10021 10013 10017 
line number 33: mov 10025 #1 
line number 34: jg 10021 36 
line number 35: mov 10025 #0 
line number 36: sub 10026 #1 #1 
line number 37: mov 10030 #1 
line number 38: jeq 10026 40 
line number 39: mov 10030 #0 
line number 40: mult 10031 8 #2 
line number 41: sub 10035 #100 10031 
line number 42: sub 10039 4 #2 
line number 43: mult 10043 #10 10039 
line number 44: sub 10047 10035 10043 
line number 45: mov 10051 #1 
line number 46: jne 10047 48 
line number 47: mov 10051 #0 
line number 48: or 10052 10030 10051 
line number 49: and 10053 10025 10052 
line number 50: jnz 10053 53 
line number 51: add 4 #1 
line number 52: jmp 53 
line number 53: mov 42 #0 
line number 54: sub 10054 42 #10 
line number 55: mov 10058 #1 
line number 56: jl 10054 58 
line number 57: mov 10058 #0 
line number 58: jnz 10058 62 
line number 59: jmp 65 
line number 60: add 42 #1 
line number 61: jmp 54 
line number 62: add 8 #1 
line number 63: jmp 65 
line number 64: jmp 60 
line number 65: sub 10059 4 #4 
line number 66: mov 10063 #1 
line number 67: jg 10059 69 
line number 68: mov 10063 #0 
line number 69: jnz 10063 72 
line number 70: add 4 #1 
line number 71: jmp 72 
line number 72: push 10000 
line number 73: push 4 
line number 74: push 8 
line number 75: push 12 
line number 76: push 16 
line number 77: push 20 
line number 78: push 24 
line number 79: push 28 
line number 80: push 32 
line number 81: push 34 
line number 82: push 10004 
line number 83: push 10008 
line number 84: push 10012 
line number 85: push 10013 
line number 86: push 10017 
line number 87: push 10021 
line number 88: push 10025 
line number 89: push 10026 
line number 90: push 10030 
line number 91: push 10031 
line number 92: push 10035 
line number 93: push 10039 
line number 94: push 10043 
line number 95: push 10047 
line number 96: push 10051 
line number 97: push 10052 
line number 98: push 10053 
line number 99: push 10054 
line number 100: push 10058 
line number 101: push 10059 
line number 102: push 10063 
line number 103: push #106 
line number 104: push 8 
line number 105: jmp 8 
line number 106: pop 10064 
line number 107: pop 10063 
line number 108: pop 10059 
line number 109: pop 10058 
line number 110: pop 10054 
line number 111: pop 10053 
line number 112: pop 10052 
line number 113: pop 10051 
line number 114: pop 10047 
line number 115: pop 10043 
line number 116: pop 10039 
line number 117: pop 10035 
line number 118: pop 10031 
line number 119: pop 10030 
line number 120: pop 10026 
line number 121: pop 10025 
line number 122: pop 10021 
line number 123: pop 10017 
line number 124: pop 10013 
line number 125: pop 10012 
line number 126: pop 10008 
line number 127: pop 10004 
line number 128: pop 34 
line number 129: pop 32 
line number 130: pop 28 
line number 131: pop 24 
line number 132: pop 20 
line number 133: pop 16 
line number 134: pop 12 
line number 135: pop 8 
line number 136: pop 4 
line number 137: pop 10000 
line number 138: mov 4 10064 
line number 139: jmp 145 
line number 140: add 8 #1 
line number 141: mov 0 #3 
line number 142: jmp 148 
line number 143: sub 8 #1 
line number 144: jmp 148 
line number 145: jeq 4 #2 140 
line number 146: jeq 4 #3 141 
line number 147: jmp 143 
line number 148: sub 10068 8 #5 
line number 149: mov 10072 #1 
line number 150: jg 10068 152 
line number 151: mov 10072 #0 
line number 152: jz _10072 156 
line number 153: sub 8 #1 
line number 154: jmp 148 
line number 155: jmp 148 
line number 156: sub 10073 4 #0 
line number 157: mov 10077 #1 
line number 158: jl 10073 160 
line number 159: mov 10077 #0 
line number 160: jnz 10077 163 
line number 161: sub 8 #1 
line number 162: jmp 163 
line number 163: mult 10004 4 #2 
line number 164: sub 10008 10004 #1 
line number 165: mov 10012 #1 
line number 166: jg 10008 168 
line number 167: mov 10012 #0 
line number 168: jnz _10012 22 
line number 169: END 
line number 170: pop 4 
line number 171: pop 10000 
line number 172: mov 0 4 
line number 173: sub 10004 0 #5 
line number 174: mov 10008 #1 
line number 175: jg 10004 177 
line number 176: mov 10008 #0 
line number 177: jnz 10008 180 
line number 178: sub 0 #1 
line number 179: jmp 180 
line number 180: jmp 10000 
line number 181: add 0 #1 
line number 182: jmp 10000 
